<?xml version="1.0" encoding="UTF-8"?>
<!-- Generated by org.testng.reporters.JUnitReportReporter -->
<testsuite hostname="DESKTOP-5MGC367" failures="0" tests="3" name="basics.DDynamicJson" time="3.203" errors="0" timestamp="2022-07-12T23:34:00 IST" skipped="0">
  <testcase classname="basics.DDynamicJson" name="addBook" time="2.830"/>
  <system-out/>
  <testcase classname="basics.DDynamicJson" name="addBook" time="0.189"/>
  <system-out/>
  <testcase classname="basics.DDynamicJson" name="addBook" time="0.184"/>
  <system-out/>
</testsuite> <!-- basics.DDynamicJson -->
